{"name": "test_overall_flow", "status": "broken", "statusDetails": {"message": "selenium.common.exceptions.TimeoutException: Message:", "trace": "self = <test_flow.TestERPFlowCreation object at 0x000002A48B84E850>\n\n    def test_overall_flow(self):\n        allure.step(\"Testing overall flow of the application\")\n        self.login(\"gedehim917@decodewp.com\",\n                   \"Tebahal1!\",\n                   \"https://velvet.webredirect.himshang.com.np/#/pages/dashboard\")\n>       self.product_master(\n            product_item=\"meetion19\",\n            HS_code=\"123\",\n            unit=\"kg.\",\n            item_type=\"Servie Item\",\n            description=\"This is description\",\n            category=\"N/A\",\n            short_name=\"XYZ\",\n            purchase_price=\"120\",\n            sales_price=\"140\",\n            alt_unit=\"Each\",\n            conversion_factor=\"1000\",\n            barcode_map=\"8580\",\n            barcode_unit=\"kg.\")\n\ntest_flow.py:1971: \n_ _ _ _ _ _ _ _ _ _ _ _ _ _ _ _ _ _ _ _ _ _ _ _ _ _ _ _ _ _ _ _ _ _ _ _ _ _ _ _ _ _ _ _ _ _ _ _ _ _ _ _ _ _ _ _ _ _ _ _\ntest_flow.py:579: in product_master\n    WebDriverWait(self.driver, 10).until(ec.alert_is_present())\n_ _ _ _ _ _ _ _ _ _ _ _ _ _ _ _ _ _ _ _ _ _ _ _ _ _ _ _ _ _ _ _ _ _ _ _ _ _ _ _ _ _ _ _ _ _ _ _ _ _ _ _ _ _ _ _ _ _ _ _\n\nself = <selenium.webdriver.support.wait.WebDriverWait (session=\"d2821faeca9d9c30d5aef16435f35129\")>\nmethod = <function alert_is_present.<locals>._predicate at 0x000002A48CBFBBA0>, message = ''\n\n    def until(self, method: Callable[[D], Union[Literal[False], T]], message: str = \"\") -> T:\n        \"\"\"Wait until the method returns a value that is not False.\n    \n        Calls the method provided with the driver as an argument until the\n        return value does not evaluate to ``False``.\n    \n        Parameters:\n        -----------\n        method: callable(WebDriver)\n            - A callable object that takes a WebDriver instance as an argument.\n    \n        message: str\n            - Optional message for :exc:`TimeoutException`\n    \n        Return:\n        -------\n        object: T\n            - The result of the last call to `method`\n    \n        Raises:\n        -------\n        TimeoutException\n            - If 'method' does not return a truthy value within the WebDriverWait\n            object's timeout\n    \n        Example:\n        --------\n        >>> from selenium.webdriver.common.by import By\n        >>> from selenium.webdriver.support.ui import WebDriverWait\n        >>> from selenium.webdriver.support import expected_conditions as EC\n    \n        # Wait until an element is visible on the page\n        >>> wait = WebDriverWait(driver, 10)\n        >>> element = wait.until(EC.visibility_of_element_located((By.ID, \"exampleId\")))\n        >>> print(element.text)\n        \"\"\"\n        screen = None\n        stacktrace = None\n    \n        end_time = time.monotonic() + self._timeout\n        while True:\n            try:\n                value = method(self._driver)\n                if value:\n                    return value\n            except self._ignored_exceptions as exc:\n                screen = getattr(exc, \"screen\", None)\n                stacktrace = getattr(exc, \"stacktrace\", None)\n            if time.monotonic() > end_time:\n                break\n            time.sleep(self._poll)\n>       raise TimeoutException(message, screen, stacktrace)\nE       selenium.common.exceptions.TimeoutException: Message:\n\n..\\..\\..\\..\\AppData\\Roaming\\Python\\Python313\\site-packages\\selenium\\webdriver\\support\\wait.py:138: TimeoutException"}, "steps": [{"name": "Login with username: 'gedehim917@decodewp.com'", "status": "passed", "steps": [{"name": "Detected 'Already Logged In' popup â€” logging out first", "status": "passed", "start": 1753697093499, "stop": 1753697093584}], "parameters": [{"name": "username", "value": "'gedehim917@decodewp.com'"}, {"name": "password", "value": "'Tebahal1!'"}, {"name": "link", "value": "'https://velvet.webredirect.himshang.com.np/#/pages/dashboard'"}], "start": 1753697035150, "stop": 1753697111672}, {"name": "Creating product master for item: 'meetion19'", "status": "broken", "statusDetails": {"message": "selenium.common.exceptions.TimeoutException: Message: \n\n", "trace": "  File \"C:\\Users\\karun\\AppData\\Roaming\\Python\\Python313\\site-packages\\allure_commons\\_allure.py\", line 202, in impl\n    return func(*a, **kw)\n  File \"C:\\Users\\karun\\PycharmProjects\\PythonProject\\project\\College_defense\\test_flow.py\", line 579, in product_master\n    WebDriverWait(self.driver, 10).until(ec.alert_is_present())\n    ~~~~~~~~~~~~~~~~~~~~~~~~~~~~~~~~~~~~^^^^^^^^^^^^^^^^^^^^^^^\n  File \"C:\\Users\\karun\\AppData\\Roaming\\Python\\Python313\\site-packages\\selenium\\webdriver\\support\\wait.py\", line 138, in until\n    raise TimeoutException(message, screen, stacktrace)\n"}, "steps": [{"name": "Clicking on 'Masters' menu", "status": "passed", "start": 1753697111674, "stop": 1753697112983}, {"name": "Waiting for 'Product Master' to be visible and clicking it", "status": "passed", "start": 1753697123299, "stop": 1753697128550}, {"name": "Clicking on 'Add Product' button", "status": "passed", "start": 1753697128550, "stop": 1753697138680}, {"name": "Clicking 'Add Product' label", "status": "passed", "start": 1753697138680, "stop": 1753697146950}, {"name": "Clicking on Item Group input field", "status": "passed", "start": 1753697150031, "stop": 1753697160231}, {"name": "Clicking on main group input field", "status": "passed", "start": 1753697160232, "stop": 1753697168656}, {"name": "Entering product item name", "status": "passed", "start": 1753697168656, "stop": 1753697168883}, {"name": "Entering HSC code", "status": "passed", "start": 1753697173922, "stop": 1753697173997}, {"name": "Clicking on vatable checkbox", "status": "passed", "start": 1753697173997, "stop": 1753697179223}, {"name": "Selecting unit", "status": "passed", "start": 1753697179223, "stop": 1753697184320}, {"name": "Selecting item type", "status": "passed", "start": 1753697184320, "stop": 1753697189451}, {"name": "Entering description", "status": "passed", "start": 1753697189451, "stop": 1753697194675}, {"name": "Entering category", "status": "passed", "start": 1753697194675, "stop": 1753697199763}, {"name": "Entering short name", "status": "passed", "start": 1753697199764, "stop": 1753697204850}, {"name": "Entering purchase price", "status": "passed", "start": 1753697204850, "stop": 1753697215027}, {"name": "Entering sales price", "status": "passed", "start": 1753697215027, "stop": 1753697225294}, {"name": "Navigating to Alternate Unit tab", "status": "passed", "start": 1753697225294, "stop": 1753697233440}, {"name": "Clicking on 'Add Alternate Unit' button", "status": "passed", "start": 1753697233440, "stop": 1753697233702}, {"name": "Entering conversion factor", "status": "passed", "start": 1753697233702, "stop": 1753697238869}, {"name": "Clicking on 'Add Barcode' button", "status": "passed", "start": 1753697238869, "stop": 1753697246996}, {"name": "Entering barcode", "status": "passed", "start": 1753697246996, "stop": 1753697262501}, {"name": "Clicking on 'Map' button", "status": "passed", "start": 1753697262501, "stop": 1753697272626}, {"name": "Clicking on 'Save' button", "status": "passed", "start": 1753697272626, "stop": 1753697277355}], "parameters": [{"name": "product_item", "value": "'meetion19'"}, {"name": "HS_code", "value": "'123'"}, {"name": "unit", "value": "'kg.'"}, {"name": "item_type", "value": "'Servie Item'"}, {"name": "description", "value": "'This is description'"}, {"name": "category", "value": "'N/A'"}, {"name": "short_name", "value": "'XYZ'"}, {"name": "purchase_price", "value": "'120'"}, {"name": "sales_price", "value": "'140'"}, {"name": "alt_unit", "value": "'Each'"}, {"name": "conversion_factor", "value": "'1000'"}, {"name": "barcode_map", "value": "'8580'"}, {"name": "barcode_unit", "value": "'kg.'"}], "start": 1753697111673, "stop": 1753697293441}], "attachments": [{"name": "stdout", "source": "e51ea69d-c770-4c60-b1df-11facf07db25-attachment.txt", "type": "text/plain"}], "start": 1753697035150, "stop": 1753697293449, "uuid": "50e71502-7244-44c9-8335-046a1131fa86", "historyId": "19c629496675b750fef6dc56c298a72b", "testCaseId": "19c629496675b750fef6dc56c298a72b", "fullName": "test_flow.TestERPFlowCreation#test_overall_flow", "labels": [{"name": "feature", "value": "Test ERP FLow Creation"}, {"name": "suite", "value": "test_flow"}, {"name": "subSuite", "value": "TestERPFlowCreation"}, {"name": "host", "value": "DESKTOP-AOJNATO"}, {"name": "thread", "value": "2512-MainThread"}, {"name": "framework", "value": "pytest"}, {"name": "language", "value": "cpython3"}, {"name": "package", "value": "test_flow"}]}