{"name": "test_product_flow", "status": "broken", "statusDetails": {"message": "selenium.common.exceptions.UnexpectedAlertPresentException: Alert Text: Do you want to print bill ?\nMessage: unexpected alert open: {Alert text : Do you want to print bill ?}\n  (Session info: chrome=137.0.7151.122)\nStacktrace:\n\tGetHandleVerifier [0x0x7ff74c0ccda5+78885]\n\tGetHandleVerifier [0x0x7ff74c0cce00+78976]\n\t(No symbol) [0x0x7ff74be89bca]\n\t(No symbol) [0x0x7ff74bf31de0]\n\t(No symbol) [0x0x7ff74bf08963]\n\t(No symbol) [0x0x7ff74bed16b1]\n\t(No symbol) [0x0x7ff74bed2443]\n\tGetHandleVerifier [0x0x7ff74c3a4eed+3061101]\n\tGetHandleVerifier [0x0x7ff74c39f33d+3037629]\n\tGetHandleVerifier [0x0x7ff74c3be592+3165202]\n\tGetHandleVerifier [0x0x7ff74c0e730e+186766]\n\tGetHandleVerifier [0x0x7ff74c0eeb3f+217535]\n\tGetHandleVerifier [0x0x7ff74c0d59b4+114740]\n\tGetHandleVerifier [0x0x7ff74c0d5b69+115177]\n\tGetHandleVerifier [0x0x7ff74c0bc368+10728]\n\tBaseThreadInitThunk [0x0x7fffc23f7374+20]\n\tRtlUserThreadStart [0x0x7fffc31fcc91+33]", "trace": "self = <test_purchase.TestProductFlow object at 0x000002BB879A34D0>\n\n    @pytest.mark.run(order=1)\n    def test_product_flow(self):\n        self.login(TEST_CONFIG[\"username\"], TEST_CONFIG[\"password\"], TEST_CONFIG[\"url\"])\n>       self.create_purchase_invoice(barcode=\"2020\")\n\ntest_purchase.py:993: \n_ _ _ _ _ _ _ _ _ _ _ _ _ _ _ _ _ _ _ _ _ _ _ _ _ _ _ _ _ _ _ _ _ _ _ _ _ _ _ _ _ _\ntest_purchase.py:972: in create_purchase_invoice\n    popup_message = WebDriverWait(driver, 5).until(\n..\\..\\..\\..\\AppData\\Roaming\\Python\\Python313\\site-packages\\selenium\\webdriver\\support\\wait.py:129: in until\n    value = method(self._driver)\n            ^^^^^^^^^^^^^^^^^^^^\n..\\..\\..\\..\\AppData\\Roaming\\Python\\Python313\\site-packages\\selenium\\webdriver\\support\\expected_conditions.py:217: in _predicate\n    return _element_if_visible(driver.find_element(*locator))\n                               ^^^^^^^^^^^^^^^^^^^^^^^^^^^^^\n..\\..\\..\\..\\AppData\\Roaming\\Python\\Python313\\site-packages\\selenium\\webdriver\\remote\\webdriver.py:914: in find_element\n    return self.execute(Command.FIND_ELEMENT, {\"using\": by, \"value\": value})[\"value\"]\n           ^^^^^^^^^^^^^^^^^^^^^^^^^^^^^^^^^^^^^^^^^^^^^^^^^^^^^^^^^^^^^^^^^\n..\\..\\..\\..\\AppData\\Roaming\\Python\\Python313\\site-packages\\selenium\\webdriver\\remote\\webdriver.py:447: in execute\n    self.error_handler.check_response(response)\n_ _ _ _ _ _ _ _ _ _ _ _ _ _ _ _ _ _ _ _ _ _ _ _ _ _ _ _ _ _ _ _ _ _ _ _ _ _ _ _ _ _\n\nself = <selenium.webdriver.remote.errorhandler.ErrorHandler object at 0x000002BB879B74D0>\nresponse = {'status': 500, 'value': '{\"value\":{\"data\":{\"text\":\"Do you want to print bill ?\"},\"error\":\"unexpected alert open\",\"mes...ff74c0bc368+10728]\\\\n\\\\tBaseThreadInitThunk [0x0x7fffc23f7374+20]\\\\n\\\\tRtlUserThreadStart [0x0x7fffc31fcc91+33]\\\\n\"}}'}\n\n    def check_response(self, response: Dict[str, Any]) -> None:\n        \"\"\"Checks that a JSON response from the WebDriver does not have an\n        error.\n    \n        :Args:\n         - response - The JSON response from the WebDriver server as a dictionary\n           object.\n    \n        :Raises: If the response contains an error message.\n        \"\"\"\n        status = response.get(\"status\", None)\n        if not status or status == ErrorCode.SUCCESS:\n            return\n        value = None\n        message = response.get(\"message\", \"\")\n        screen: str = response.get(\"screen\", \"\")\n        stacktrace = None\n        if isinstance(status, int):\n            value_json = response.get(\"value\", None)\n            if value_json and isinstance(value_json, str):\n                import json\n    \n                try:\n                    value = json.loads(value_json)\n                    if len(value) == 1:\n                        value = value[\"value\"]\n                    status = value.get(\"error\", None)\n                    if not status:\n                        status = value.get(\"status\", ErrorCode.UNKNOWN_ERROR)\n                        message = value.get(\"value\") or value.get(\"message\")\n                        if not isinstance(message, str):\n                            value = message\n                            message = message.get(\"message\")\n                    else:\n                        message = value.get(\"message\", None)\n                except ValueError:\n                    pass\n    \n        exception_class: Type[WebDriverException]\n        e = ErrorCode()\n        error_codes = [item for item in dir(e) if not item.startswith(\"__\")]\n        for error_code in error_codes:\n            error_info = getattr(ErrorCode, error_code)\n            if isinstance(error_info, list) and status in error_info:\n                exception_class = getattr(ExceptionMapping, error_code, WebDriverException)\n                break\n        else:\n            exception_class = WebDriverException\n    \n        if not value:\n            value = response[\"value\"]\n        if isinstance(value, str):\n            raise exception_class(value)\n        if message == \"\" and \"message\" in value:\n            message = value[\"message\"]\n    \n        screen = None  # type: ignore[assignment]\n        if \"screen\" in value:\n            screen = value[\"screen\"]\n    \n        stacktrace = None\n        st_value = value.get(\"stackTrace\") or value.get(\"stacktrace\")\n        if st_value:\n            if isinstance(st_value, str):\n                stacktrace = st_value.split(\"\\n\")\n            else:\n                stacktrace = []\n                try:\n                    for frame in st_value:\n                        line = frame.get(\"lineNumber\", \"\")\n                        file = frame.get(\"fileName\", \"<anonymous>\")\n                        if line:\n                            file = f\"{file}:{line}\"\n                        meth = frame.get(\"methodName\", \"<anonymous>\")\n                        if \"className\" in frame:\n                            meth = f\"{frame['className']}.{meth}\"\n                        msg = \"    at %s (%s)\"\n                        msg = msg % (meth, file)\n                        stacktrace.append(msg)\n                except TypeError:\n                    pass\n        if exception_class == UnexpectedAlertPresentException:\n            alert_text = None\n            if \"data\" in value:\n                alert_text = value[\"data\"].get(\"text\")\n            elif \"alert\" in value:\n                alert_text = value[\"alert\"].get(\"text\")\n>           raise exception_class(message, screen, stacktrace, alert_text)  # type: ignore[call-arg]  # mypy is not smart enough here\n            ^^^^^^^^^^^^^^^^^^^^^^^^^^^^^^^^^^^^^^^^^^^^^^^^^^^^^^^^^^^^^^\nE           selenium.common.exceptions.UnexpectedAlertPresentException: Alert Text: Do you want to print bill ?\nE           Message: unexpected alert open: {Alert text : Do you want to print bill ?}\nE             (Session info: chrome=137.0.7151.122)\nE           Stacktrace:\nE           \tGetHandleVerifier [0x0x7ff74c0ccda5+78885]\nE           \tGetHandleVerifier [0x0x7ff74c0cce00+78976]\nE           \t(No symbol) [0x0x7ff74be89bca]\nE           \t(No symbol) [0x0x7ff74bf31de0]\nE           \t(No symbol) [0x0x7ff74bf08963]\nE           \t(No symbol) [0x0x7ff74bed16b1]\nE           \t(No symbol) [0x0x7ff74bed2443]\nE           \tGetHandleVerifier [0x0x7ff74c3a4eed+3061101]\nE           \tGetHandleVerifier [0x0x7ff74c39f33d+3037629]\nE           \tGetHandleVerifier [0x0x7ff74c3be592+3165202]\nE           \tGetHandleVerifier [0x0x7ff74c0e730e+186766]\nE           \tGetHandleVerifier [0x0x7ff74c0eeb3f+217535]\nE           \tGetHandleVerifier [0x0x7ff74c0d59b4+114740]\nE           \tGetHandleVerifier [0x0x7ff74c0d5b69+115177]\nE           \tGetHandleVerifier [0x0x7ff74c0bc368+10728]\nE           \tBaseThreadInitThunk [0x0x7fffc23f7374+20]\nE           \tRtlUserThreadStart [0x0x7fffc31fcc91+33]\n\n..\\..\\..\\..\\AppData\\Roaming\\Python\\Python313\\site-packages\\selenium\\webdriver\\remote\\errorhandler.py:231: UnexpectedAlertPresentException"}, "steps": [{"name": "Login with username: 'gedehim917@decodewp.com'", "status": "passed", "steps": [{"name": "Detected 'Already Logged In' popup â€” logging out first", "status": "passed", "start": 1751966284454, "stop": 1751966284553}], "parameters": [{"name": "username", "value": "'gedehim917@decodewp.com'"}, {"name": "password", "value": "'Tebahal1!'"}, {"name": "link", "value": "'https://velvet.webredirect.himshang.com.np/#/pages/dashboard'"}], "start": 1751966272281, "stop": 1751966292626}, {"name": "Create purchase invoice", "status": "broken", "statusDetails": {"message": "selenium.common.exceptions.UnexpectedAlertPresentException: Alert Text: Do you want to print bill ?\nMessage: unexpected alert open: {Alert text : Do you want to print bill ?}\n  (Session info: chrome=137.0.7151.122)\nStacktrace:\n\tGetHandleVerifier [0x0x7ff74c0ccda5+78885]\n\tGetHandleVerifier [0x0x7ff74c0cce00+78976]\n\t(No symbol) [0x0x7ff74be89bca]\n\t(No symbol) [0x0x7ff74bf31de0]\n\t(No symbol) [0x0x7ff74bf08963]\n\t(No symbol) [0x0x7ff74bed16b1]\n\t(No symbol) [0x0x7ff74bed2443]\n\tGetHandleVerifier [0x0x7ff74c3a4eed+3061101]\n\tGetHandleVerifier [0x0x7ff74c39f33d+3037629]\n\tGetHandleVerifier [0x0x7ff74c3be592+3165202]\n\tGetHandleVerifier [0x0x7ff74c0e730e+186766]\n\tGetHandleVerifier [0x0x7ff74c0eeb3f+217535]\n\tGetHandleVerifier [0x0x7ff74c0d59b4+114740]\n\tGetHandleVerifier [0x0x7ff74c0d5b69+115177]\n\tGetHandleVerifier [0x0x7ff74c0bc368+10728]\n\tBaseThreadInitThunk [0x0x7fffc23f7374+20]\n\tRtlUserThreadStart [0x0x7fffc31fcc91+33]\n\n", "trace": "  File \"C:\\Users\\karun\\AppData\\Roaming\\Python\\Python313\\site-packages\\allure_commons\\_allure.py\", line 202, in impl\n    return func(*a, **kw)\n  File \"C:\\Users\\karun\\PycharmProjects\\PythonProject\\extra testing\\Custom Exception\\test_purchase.py\", line 972, in create_purchase_invoice\n    popup_message = WebDriverWait(driver, 5).until(\n        EC.visibility_of_element_located((By.XPATH, \"//div[contains(@class,'modal')]//p\"))\n    )\n  File \"C:\\Users\\karun\\AppData\\Roaming\\Python\\Python313\\site-packages\\selenium\\webdriver\\support\\wait.py\", line 129, in until\n    value = method(self._driver)\n  File \"C:\\Users\\karun\\AppData\\Roaming\\Python\\Python313\\site-packages\\selenium\\webdriver\\support\\expected_conditions.py\", line 217, in _predicate\n    return _element_if_visible(driver.find_element(*locator))\n                               ~~~~~~~~~~~~~~~~~~~^^^^^^^^^^\n  File \"C:\\Users\\karun\\AppData\\Roaming\\Python\\Python313\\site-packages\\selenium\\webdriver\\remote\\webdriver.py\", line 914, in find_element\n    return self.execute(Command.FIND_ELEMENT, {\"using\": by, \"value\": value})[\"value\"]\n           ~~~~~~~~~~~~^^^^^^^^^^^^^^^^^^^^^^^^^^^^^^^^^^^^^^^^^^^^^^^^^^^^^\n  File \"C:\\Users\\karun\\AppData\\Roaming\\Python\\Python313\\site-packages\\selenium\\webdriver\\remote\\webdriver.py\", line 447, in execute\n    self.error_handler.check_response(response)\n    ~~~~~~~~~~~~~~~~~~~~~~~~~~~~~~~~~^^^^^^^^^^\n  File \"C:\\Users\\karun\\AppData\\Roaming\\Python\\Python313\\site-packages\\selenium\\webdriver\\remote\\errorhandler.py\", line 231, in check_response\n    raise exception_class(message, screen, stacktrace, alert_text)  # type: ignore[call-arg]  # mypy is not smart enough here\n    ^^^^^^^^^^^^^^^^^^^^^^^^^^^^^^^^^^^^^^^^^^^^^^^^^^^^^^^^^^^^^^\n"}, "parameters": [{"name": "barcode", "value": "'2020'"}], "start": 1751966292626, "stop": 1751966413563}], "attachments": [{"name": "stdout", "source": "845a6512-ee5d-4b18-85bc-84359551ee54-attachment.txt", "type": "text/plain"}], "start": 1751966272280, "stop": 1751966413588, "uuid": "3c6bde22-4d4a-4f86-b991-f059cc788a11", "historyId": "c7e86aca4fa104da7b79004a57c3cb59", "testCaseId": "c7e86aca4fa104da7b79004a57c3cb59", "fullName": "test_purchase.TestProductFlow#test_product_flow", "labels": [{"name": "suite", "value": "test_purchase"}, {"name": "subSuite", "value": "TestProductFlow"}, {"name": "host", "value": "DESKTOP-AOJNATO"}, {"name": "thread", "value": "12684-MainThread"}, {"name": "framework", "value": "pytest"}, {"name": "language", "value": "cpython3"}, {"name": "package", "value": "test_purchase"}]}