{"name": "test_overall_flow", "status": "broken", "statusDetails": {"message": "selenium.common.exceptions.StaleElementReferenceException: Message: stale element reference: stale element not found in the current frame\n  (Session info: chrome=138.0.7204.169); For documentation on this error, please visit: https://www.selenium.dev/documentation/webdriver/troubleshooting/errors#stale-element-reference-exception\nStacktrace:\n\tGetHandleVerifier [0x0x7ff6ad16e935+77845]\n\tGetHandleVerifier [0x0x7ff6ad16e990+77936]\n\t(No symbol) [0x0x7ff6acf29cda]\n\t(No symbol) [0x0x7ff6acf31679]\n\t(No symbol) [0x0x7ff6acf3471c]\n\t(No symbol) [0x0x7ff6acf347ef]\n\t(No symbol) [0x0x7ff6acf815ca]\n\t(No symbol) [0x0x7ff6acf81697]\n\t(No symbol) [0x0x7ff6acf76e1c]\n\t(No symbol) [0x0x7ff6acfa88ca]\n\t(No symbol) [0x0x7ff6acf72f76]\n\t(No symbol) [0x0x7ff6acfa8ae0]\n\t(No symbol) [0x0x7ff6acfd0b07]\n\t(No symbol) [0x0x7ff6acfa86a3]\n\t(No symbol) [0x0x7ff6acf71791]\n\t(No symbol) [0x0x7ff6acf72523]\n\tGetHandleVerifier [0x0x7ff6ad44684d+3059501]\n\tGetHandleVerifier [0x0x7ff6ad440c0d+3035885]\n\tGetHandleVerifier [0x0x7ff6ad460400+3164896]\n\tGetHandleVerifier [0x0x7ff6ad188c3e+185118]\n\tGetHandleVerifier [0x0x7ff6ad19054f+216111]\n\tGetHandleVerifier [0x0x7ff6ad1772e4+113092]\n\tGetHandleVerifier [0x0x7ff6ad177499+113529]\n\tGetHandleVerifier [0x0x7ff6ad15e298+10616]\n\tBaseThreadInitThunk [0x0x7ff840aa7374+20]\n\tRtlUserThreadStart [0x0x7ff8419dcc91+33]", "trace": "self = <test_flow.TestERPFlowCreation object at 0x0000023E97E29450>\n\n    def test_overall_flow(self):\n        allure.step(\"Testing overall flow of the application\")\n        self.login(\"gedehim917@decodewp.com\",\n                   \"Tebahal1!\",\n                   \"https://velvet.webredirect.himshang.com.np/#/pages/dashboard\")\n>       self.product_master(\n            product_item=\"meetion89\",\n            HS_code=\"123\",\n            unit=\"kg.\",\n            item_type=\"Servie Item\",\n            description=\"This is description\",\n            category=\"N/A\",\n            short_name=\"XYZ\",\n            purchase_price=\"120\",\n            sales_price=\"140\",\n            alt_unit=\"Each\",\n            conversion_factor=\"1000\",\n            barcode_map=\"98580\",\n            barcode_unit=\"kg.\")\n\ntest_flow.py:1968: \n_ _ _ _ _ _ _ _ _ _ _ _ _ _ _ _ _ _ _ _ _ _ _ _ _ _ _ _ _ _ _ _ _ _ _ _ _ _ _ _ _ _ _ _ _ _ _ _ _ _ _ _ _ _ _ _ _ _ _ _\ntest_flow.py:578: in product_master\n    self.driver.switch_to.active_element.send_keys(Keys.ENTER)\n..\\..\\..\\..\\AppData\\Roaming\\Python\\Python313\\site-packages\\selenium\\webdriver\\remote\\webelement.py:305: in send_keys\n    self._execute(\n..\\..\\..\\..\\AppData\\Roaming\\Python\\Python313\\site-packages\\selenium\\webdriver\\remote\\webelement.py:574: in _execute\n    return self._parent.execute(command, params)\n           ^^^^^^^^^^^^^^^^^^^^^^^^^^^^^^^^^^^^^\n..\\..\\..\\..\\AppData\\Roaming\\Python\\Python313\\site-packages\\selenium\\webdriver\\remote\\webdriver.py:447: in execute\n    self.error_handler.check_response(response)\n_ _ _ _ _ _ _ _ _ _ _ _ _ _ _ _ _ _ _ _ _ _ _ _ _ _ _ _ _ _ _ _ _ _ _ _ _ _ _ _ _ _ _ _ _ _ _ _ _ _ _ _ _ _ _ _ _ _ _ _\n\nself = <selenium.webdriver.remote.errorhandler.ErrorHandler object at 0x0000023E97DC7380>\nresponse = {'status': 404, 'value': '{\"value\":{\"error\":\"stale element reference\",\"message\":\"stale element reference: stale elemen...ff6ad15e298+10616]\\\\n\\\\tBaseThreadInitThunk [0x0x7ff840aa7374+20]\\\\n\\\\tRtlUserThreadStart [0x0x7ff8419dcc91+33]\\\\n\"}}'}\n\n    def check_response(self, response: Dict[str, Any]) -> None:\n        \"\"\"Checks that a JSON response from the WebDriver does not have an\n        error.\n    \n        :Args:\n         - response - The JSON response from the WebDriver server as a dictionary\n           object.\n    \n        :Raises: If the response contains an error message.\n        \"\"\"\n        status = response.get(\"status\", None)\n        if not status or status == ErrorCode.SUCCESS:\n            return\n        value = None\n        message = response.get(\"message\", \"\")\n        screen: str = response.get(\"screen\", \"\")\n        stacktrace = None\n        if isinstance(status, int):\n            value_json = response.get(\"value\", None)\n            if value_json and isinstance(value_json, str):\n                import json\n    \n                try:\n                    value = json.loads(value_json)\n                    if len(value) == 1:\n                        value = value[\"value\"]\n                    status = value.get(\"error\", None)\n                    if not status:\n                        status = value.get(\"status\", ErrorCode.UNKNOWN_ERROR)\n                        message = value.get(\"value\") or value.get(\"message\")\n                        if not isinstance(message, str):\n                            value = message\n                            message = message.get(\"message\")\n                    else:\n                        message = value.get(\"message\", None)\n                except ValueError:\n                    pass\n    \n        exception_class: Type[WebDriverException]\n        e = ErrorCode()\n        error_codes = [item for item in dir(e) if not item.startswith(\"__\")]\n        for error_code in error_codes:\n            error_info = getattr(ErrorCode, error_code)\n            if isinstance(error_info, list) and status in error_info:\n                exception_class = getattr(ExceptionMapping, error_code, WebDriverException)\n                break\n        else:\n            exception_class = WebDriverException\n    \n        if not value:\n            value = response[\"value\"]\n        if isinstance(value, str):\n            raise exception_class(value)\n        if message == \"\" and \"message\" in value:\n            message = value[\"message\"]\n    \n        screen = None  # type: ignore[assignment]\n        if \"screen\" in value:\n            screen = value[\"screen\"]\n    \n        stacktrace = None\n        st_value = value.get(\"stackTrace\") or value.get(\"stacktrace\")\n        if st_value:\n            if isinstance(st_value, str):\n                stacktrace = st_value.split(\"\\n\")\n            else:\n                stacktrace = []\n                try:\n                    for frame in st_value:\n                        line = frame.get(\"lineNumber\", \"\")\n                        file = frame.get(\"fileName\", \"<anonymous>\")\n                        if line:\n                            file = f\"{file}:{line}\"\n                        meth = frame.get(\"methodName\", \"<anonymous>\")\n                        if \"className\" in frame:\n                            meth = f\"{frame['className']}.{meth}\"\n                        msg = \"    at %s (%s)\"\n                        msg = msg % (meth, file)\n                        stacktrace.append(msg)\n                except TypeError:\n                    pass\n        if exception_class == UnexpectedAlertPresentException:\n            alert_text = None\n            if \"data\" in value:\n                alert_text = value[\"data\"].get(\"text\")\n            elif \"alert\" in value:\n                alert_text = value[\"alert\"].get(\"text\")\n            raise exception_class(message, screen, stacktrace, alert_text)  # type: ignore[call-arg]  # mypy is not smart enough here\n>       raise exception_class(message, screen, stacktrace)\nE       selenium.common.exceptions.StaleElementReferenceException: Message: stale element reference: stale element not found in the current frame\nE         (Session info: chrome=138.0.7204.169); For documentation on this error, please visit: https://www.selenium.dev/documentation/webdriver/troubleshooting/errors#stale-element-reference-exception\nE       Stacktrace:\nE       \tGetHandleVerifier [0x0x7ff6ad16e935+77845]\nE       \tGetHandleVerifier [0x0x7ff6ad16e990+77936]\nE       \t(No symbol) [0x0x7ff6acf29cda]\nE       \t(No symbol) [0x0x7ff6acf31679]\nE       \t(No symbol) [0x0x7ff6acf3471c]\nE       \t(No symbol) [0x0x7ff6acf347ef]\nE       \t(No symbol) [0x0x7ff6acf815ca]\nE       \t(No symbol) [0x0x7ff6acf81697]\nE       \t(No symbol) [0x0x7ff6acf76e1c]\nE       \t(No symbol) [0x0x7ff6acfa88ca]\nE       \t(No symbol) [0x0x7ff6acf72f76]\nE       \t(No symbol) [0x0x7ff6acfa8ae0]\nE       \t(No symbol) [0x0x7ff6acfd0b07]\nE       \t(No symbol) [0x0x7ff6acfa86a3]\nE       \t(No symbol) [0x0x7ff6acf71791]\nE       \t(No symbol) [0x0x7ff6acf72523]\nE       \tGetHandleVerifier [0x0x7ff6ad44684d+3059501]\nE       \tGetHandleVerifier [0x0x7ff6ad440c0d+3035885]\nE       \tGetHandleVerifier [0x0x7ff6ad460400+3164896]\nE       \tGetHandleVerifier [0x0x7ff6ad188c3e+185118]\nE       \tGetHandleVerifier [0x0x7ff6ad19054f+216111]\nE       \tGetHandleVerifier [0x0x7ff6ad1772e4+113092]\nE       \tGetHandleVerifier [0x0x7ff6ad177499+113529]\nE       \tGetHandleVerifier [0x0x7ff6ad15e298+10616]\nE       \tBaseThreadInitThunk [0x0x7ff840aa7374+20]\nE       \tRtlUserThreadStart [0x0x7ff8419dcc91+33]\n\n..\\..\\..\\..\\AppData\\Roaming\\Python\\Python313\\site-packages\\selenium\\webdriver\\remote\\errorhandler.py:232: StaleElementReferenceException"}, "steps": [{"name": "Login with username: 'gedehim917@decodewp.com'", "status": "passed", "steps": [{"name": "Detected 'Already Logged In' popup â€” logging out first", "status": "passed", "start": 1753696442355, "stop": 1753696442463}], "parameters": [{"name": "username", "value": "'gedehim917@decodewp.com'"}, {"name": "password", "value": "'Tebahal1!'"}, {"name": "link", "value": "'https://velvet.webredirect.himshang.com.np/#/pages/dashboard'"}], "start": 1753696420168, "stop": 1753696460569}, {"name": "Creating product master for item: 'meetion89'", "status": "broken", "statusDetails": {"message": "selenium.common.exceptions.StaleElementReferenceException: Message: stale element reference: stale element not found in the current frame\n  (Session info: chrome=138.0.7204.169); For documentation on this error, please visit: https://www.selenium.dev/documentation/webdriver/troubleshooting/errors#stale-element-reference-exception\nStacktrace:\n\tGetHandleVerifier [0x0x7ff6ad16e935+77845]\n\tGetHandleVerifier [0x0x7ff6ad16e990+77936]\n\t(No symbol) [0x0x7ff6acf29cda]\n\t(No symbol) [0x0x7ff6acf31679]\n\t(No symbol) [0x0x7ff6acf3471c]\n\t(No symbol) [0x0x7ff6acf347ef]\n\t(No symbol) [0x0x7ff6acf815ca]\n\t(No symbol) [0x0x7ff6acf81697]\n\t(No symbol) [0x0x7ff6acf76e1c]\n\t(No symbol) [0x0x7ff6acfa88ca]\n\t(No symbol) [0x0x7ff6acf72f76]\n\t(No symbol) [0x0x7ff6acfa8ae0]\n\t(No symbol) [0x0x7ff6acfd0b07]\n\t(No symbol) [0x0x7ff6acfa86a3]\n\t(No symbol) [0x0x7ff6acf71791]\n\t(No symbol) [0x0x7ff6acf72523]\n\tGetHandleVerifier [0x0x7ff6ad44684d+3059501]\n\tGetHandleVerifier [0x0x7ff6ad440c0d+3035885]\n\tGetHandleVerifier [0x0x7ff6ad460400+3164896]\n\tGetHandleVerifier [0x0x7ff6ad188c3e+185118]\n\tGetHandleVerifier [0x0x7ff6ad19054f+216111]\n\tGetHandleVerifier [0x0x7ff6ad1772e4+113092]\n\tGetHandleVerifier [0x0x7ff6ad177499+113529]\n\tGetHandleVerifier [0x0x7ff6ad15e298+10616]\n\tBaseThreadInitThunk [0x0x7ff840aa7374+20]\n\tRtlUserThreadStart [0x0x7ff8419dcc91+33]\n\n", "trace": "  File \"C:\\Users\\karun\\AppData\\Roaming\\Python\\Python313\\site-packages\\allure_commons\\_allure.py\", line 202, in impl\n    return func(*a, **kw)\n  File \"C:\\Users\\karun\\PycharmProjects\\PythonProject\\project\\College_defense\\test_flow.py\", line 578, in product_master\n    self.driver.switch_to.active_element.send_keys(Keys.ENTER)\n    ~~~~~~~~~~~~~~~~~~~~~~~~~~~~~~~~~~~~~~~~~~~~~~^^^^^^^^^^^^\n  File \"C:\\Users\\karun\\AppData\\Roaming\\Python\\Python313\\site-packages\\selenium\\webdriver\\remote\\webelement.py\", line 305, in send_keys\n    self._execute(\n    ~~~~~~~~~~~~~^\n        Command.SEND_KEYS_TO_ELEMENT, {\"text\": \"\".join(keys_to_typing(value)), \"value\": keys_to_typing(value)}\n        ^^^^^^^^^^^^^^^^^^^^^^^^^^^^^^^^^^^^^^^^^^^^^^^^^^^^^^^^^^^^^^^^^^^^^^^^^^^^^^^^^^^^^^^^^^^^^^^^^^^^^^\n    )\n    ^\n  File \"C:\\Users\\karun\\AppData\\Roaming\\Python\\Python313\\site-packages\\selenium\\webdriver\\remote\\webelement.py\", line 574, in _execute\n    return self._parent.execute(command, params)\n           ~~~~~~~~~~~~~~~~~~~~^^^^^^^^^^^^^^^^^\n  File \"C:\\Users\\karun\\AppData\\Roaming\\Python\\Python313\\site-packages\\selenium\\webdriver\\remote\\webdriver.py\", line 447, in execute\n    self.error_handler.check_response(response)\n    ~~~~~~~~~~~~~~~~~~~~~~~~~~~~~~~~~^^^^^^^^^^\n  File \"C:\\Users\\karun\\AppData\\Roaming\\Python\\Python313\\site-packages\\selenium\\webdriver\\remote\\errorhandler.py\", line 232, in check_response\n    raise exception_class(message, screen, stacktrace)\n"}, "steps": [{"name": "Clicking on 'Masters' menu", "status": "passed", "start": 1753696460570, "stop": 1753696461739}, {"name": "Waiting for 'Product Master' to be visible and clicking it", "status": "passed", "start": 1753696472055, "stop": 1753696477317}, {"name": "Clicking on 'Add Product' button", "status": "passed", "start": 1753696477317, "stop": 1753696487453}, {"name": "Clicking 'Add Product' label", "status": "passed", "start": 1753696487453, "stop": 1753696495738}, {"name": "Clicking on Item Group input field", "status": "passed", "start": 1753696498827, "stop": 1753696509026}, {"name": "Clicking on main group input field", "status": "passed", "start": 1753696509026, "stop": 1753696517453}, {"name": "Entering product item name", "status": "passed", "start": 1753696517453, "stop": 1753696517668}, {"name": "Entering HSC code", "status": "passed", "start": 1753696522712, "stop": 1753696522783}, {"name": "Clicking on vatable checkbox", "status": "passed", "start": 1753696522783, "stop": 1753696528018}, {"name": "Selecting unit", "status": "passed", "start": 1753696528018, "stop": 1753696533116}, {"name": "Selecting item type", "status": "passed", "start": 1753696533116, "stop": 1753696538219}, {"name": "Entering description", "status": "passed", "start": 1753696538220, "stop": 1753696543451}, {"name": "Entering category", "status": "passed", "start": 1753696543451, "stop": 1753696548539}, {"name": "Entering short name", "status": "passed", "start": 1753696548539, "stop": 1753696553625}, {"name": "Entering purchase price", "status": "passed", "start": 1753696553626, "stop": 1753696563814}, {"name": "Entering sales price", "status": "passed", "start": 1753696563814, "stop": 1753696574070}, {"name": "Navigating to Alternate Unit tab", "status": "passed", "start": 1753696574071, "stop": 1753696582214}, {"name": "Clicking on 'Add Alternate Unit' button", "status": "passed", "start": 1753696582214, "stop": 1753696582459}, {"name": "Entering conversion factor", "status": "passed", "start": 1753696582459, "stop": 1753696587598}, {"name": "Clicking on 'Add Barcode' button", "status": "passed", "start": 1753696587598, "stop": 1753696595734}, {"name": "Entering barcode", "status": "passed", "start": 1753696595734, "stop": 1753696611256}, {"name": "Clicking on 'Map' button", "status": "passed", "start": 1753696611256, "stop": 1753696621377}, {"name": "Clicking on 'Save' button", "status": "passed", "start": 1753696621377, "stop": 1753696625482}], "parameters": [{"name": "product_item", "value": "'meetion89'"}, {"name": "HS_code", "value": "'123'"}, {"name": "unit", "value": "'kg.'"}, {"name": "item_type", "value": "'Servie Item'"}, {"name": "description", "value": "'This is description'"}, {"name": "category", "value": "'N/A'"}, {"name": "short_name", "value": "'XYZ'"}, {"name": "purchase_price", "value": "'120'"}, {"name": "sales_price", "value": "'140'"}, {"name": "alt_unit", "value": "'Each'"}, {"name": "conversion_factor", "value": "'1000'"}, {"name": "barcode_map", "value": "'98580'"}, {"name": "barcode_unit", "value": "'kg.'"}], "start": 1753696460570, "stop": 1753696631717}], "attachments": [{"name": "stdout", "source": "878b017d-7864-4a6f-9b82-2b58fd03f099-attachment.txt", "type": "text/plain"}], "start": 1753696420166, "stop": 1753696631731, "uuid": "c90aadcb-fb7e-4999-9d53-1a5c80385989", "historyId": "19c629496675b750fef6dc56c298a72b", "testCaseId": "19c629496675b750fef6dc56c298a72b", "fullName": "test_flow.TestERPFlowCreation#test_overall_flow", "labels": [{"name": "feature", "value": "Test ERP FLow Creation"}, {"name": "suite", "value": "test_flow"}, {"name": "subSuite", "value": "TestERPFlowCreation"}, {"name": "host", "value": "DESKTOP-AOJNATO"}, {"name": "thread", "value": "6908-MainThread"}, {"name": "framework", "value": "pytest"}, {"name": "language", "value": "cpython3"}, {"name": "package", "value": "test_flow"}]}