{"name": "test_product_master_from_excel[row2]", "status": "broken", "statusDetails": {"message": "selenium.common.exceptions.NoSuchWindowException: Message: no such window: target window already closed\nfrom unknown error: web view not found\n  (Session info: chrome=138.0.7204.101)\nStacktrace:\n\tGetHandleVerifier [0x0x7ff71a1a6f75+76917]\n\tGetHandleVerifier [0x0x7ff71a1a6fd0+77008]\n\t(No symbol) [0x0x7ff719f59dea]\n\t(No symbol) [0x0x7ff719f32191]\n\t(No symbol) [0x0x7ff719fdf83e]\n\t(No symbol) [0x0x7ff719ffff72]\n\t(No symbol) [0x0x7ff719fd8243]\n\t(No symbol) [0x0x7ff719fa1431]\n\t(No symbol) [0x0x7ff719fa21c3]\n\tGetHandleVerifier [0x0x7ff71a47d2ad+3051437]\n\tGetHandleVerifier [0x0x7ff71a477903+3028483]\n\tGetHandleVerifier [0x0x7ff71a49589d+3151261]\n\tGetHandleVerifier [0x0x7ff71a1c183e+185662]\n\tGetHandleVerifier [0x0x7ff71a1c96ff+218111]\n\tGetHandleVerifier [0x0x7ff71a1afaf4+112628]\n\tGetHandleVerifier [0x0x7ff71a1afca9+113065]\n\tGetHandleVerifier [0x0x7ff71a196c78+10616]\n\tBaseThreadInitThunk [0x0x7ffd2c157374+20]\n\tRtlUserThreadStart [0x0x7ffd2c85cc91+33]", "trace": "self = <test_product_master.TestProductMaster object at 0x000001C564EDFA80>\nrow = {'HS_code': 34, 'alt_unit': 'kg.', 'barcode_map': 66, 'barcode_unit': 'kg.', ...}\n\n    \n    ######################################## Test with Excel #####################################################\n    @pytest.mark.parametrize(\"row\", pd.read_excel(\"products.xlsx\").to_dict('records'))\n>   def test_product_master_from_excel(self, row):\n\ntest_product_master.py:1090: \n_ _ _ _ _ _ _ _ _ _ _ _ _ _ _ _ _ _ _ _ _ _ _ _ _ _ _ _ _ _ _ _ _ _ _ _ _ _ _ _ _ _ _ _ _ _ _ _ _ _ _ _ _ _ _ _ _ _ _ _\ntest_product_master.py:679: in login\n    username_field = WebDriverWait(driver, 15).until(\n..\\..\\..\\..\\AppData\\Roaming\\Python\\Python313\\site-packages\\selenium\\webdriver\\support\\wait.py:129: in until\n    value = method(self._driver)\n            ^^^^^^^^^^^^^^^^^^^^\n..\\..\\..\\..\\AppData\\Roaming\\Python\\Python313\\site-packages\\selenium\\webdriver\\support\\expected_conditions.py:622: in _predicate\n    target = driver.find_element(*target)  # grab element at locator\n             ^^^^^^^^^^^^^^^^^^^^^^^^^^^^\n..\\..\\..\\..\\AppData\\Roaming\\Python\\Python313\\site-packages\\selenium\\webdriver\\remote\\webdriver.py:914: in find_element\n    return self.execute(Command.FIND_ELEMENT, {\"using\": by, \"value\": value})[\"value\"]\n           ^^^^^^^^^^^^^^^^^^^^^^^^^^^^^^^^^^^^^^^^^^^^^^^^^^^^^^^^^^^^^^^^^\n..\\..\\..\\..\\AppData\\Roaming\\Python\\Python313\\site-packages\\selenium\\webdriver\\remote\\webdriver.py:447: in execute\n    self.error_handler.check_response(response)\n_ _ _ _ _ _ _ _ _ _ _ _ _ _ _ _ _ _ _ _ _ _ _ _ _ _ _ _ _ _ _ _ _ _ _ _ _ _ _ _ _ _ _ _ _ _ _ _ _ _ _ _ _ _ _ _ _ _ _ _\n\nself = <selenium.webdriver.remote.errorhandler.ErrorHandler object at 0x000001C565480B90>\nresponse = {'status': 404, 'value': '{\"value\":{\"error\":\"no such window\",\"message\":\"no such window: target window already closed\\\\...ff71a196c78+10616]\\\\n\\\\tBaseThreadInitThunk [0x0x7ffd2c157374+20]\\\\n\\\\tRtlUserThreadStart [0x0x7ffd2c85cc91+33]\\\\n\"}}'}\n\n    def check_response(self, response: Dict[str, Any]) -> None:\n        \"\"\"Checks that a JSON response from the WebDriver does not have an\n        error.\n    \n        :Args:\n         - response - The JSON response from the WebDriver server as a dictionary\n           object.\n    \n        :Raises: If the response contains an error message.\n        \"\"\"\n        status = response.get(\"status\", None)\n        if not status or status == ErrorCode.SUCCESS:\n            return\n        value = None\n        message = response.get(\"message\", \"\")\n        screen: str = response.get(\"screen\", \"\")\n        stacktrace = None\n        if isinstance(status, int):\n            value_json = response.get(\"value\", None)\n            if value_json and isinstance(value_json, str):\n                import json\n    \n                try:\n                    value = json.loads(value_json)\n                    if len(value) == 1:\n                        value = value[\"value\"]\n                    status = value.get(\"error\", None)\n                    if not status:\n                        status = value.get(\"status\", ErrorCode.UNKNOWN_ERROR)\n                        message = value.get(\"value\") or value.get(\"message\")\n                        if not isinstance(message, str):\n                            value = message\n                            message = message.get(\"message\")\n                    else:\n                        message = value.get(\"message\", None)\n                except ValueError:\n                    pass\n    \n        exception_class: Type[WebDriverException]\n        e = ErrorCode()\n        error_codes = [item for item in dir(e) if not item.startswith(\"__\")]\n        for error_code in error_codes:\n            error_info = getattr(ErrorCode, error_code)\n            if isinstance(error_info, list) and status in error_info:\n                exception_class = getattr(ExceptionMapping, error_code, WebDriverException)\n                break\n        else:\n            exception_class = WebDriverException\n    \n        if not value:\n            value = response[\"value\"]\n        if isinstance(value, str):\n            raise exception_class(value)\n        if message == \"\" and \"message\" in value:\n            message = value[\"message\"]\n    \n        screen = None  # type: ignore[assignment]\n        if \"screen\" in value:\n            screen = value[\"screen\"]\n    \n        stacktrace = None\n        st_value = value.get(\"stackTrace\") or value.get(\"stacktrace\")\n        if st_value:\n            if isinstance(st_value, str):\n                stacktrace = st_value.split(\"\\n\")\n            else:\n                stacktrace = []\n                try:\n                    for frame in st_value:\n                        line = frame.get(\"lineNumber\", \"\")\n                        file = frame.get(\"fileName\", \"<anonymous>\")\n                        if line:\n                            file = f\"{file}:{line}\"\n                        meth = frame.get(\"methodName\", \"<anonymous>\")\n                        if \"className\" in frame:\n                            meth = f\"{frame['className']}.{meth}\"\n                        msg = \"    at %s (%s)\"\n                        msg = msg % (meth, file)\n                        stacktrace.append(msg)\n                except TypeError:\n                    pass\n        if exception_class == UnexpectedAlertPresentException:\n            alert_text = None\n            if \"data\" in value:\n                alert_text = value[\"data\"].get(\"text\")\n            elif \"alert\" in value:\n                alert_text = value[\"alert\"].get(\"text\")\n            raise exception_class(message, screen, stacktrace, alert_text)  # type: ignore[call-arg]  # mypy is not smart enough here\n>       raise exception_class(message, screen, stacktrace)\nE       selenium.common.exceptions.NoSuchWindowException: Message: no such window: target window already closed\nE       from unknown error: web view not found\nE         (Session info: chrome=138.0.7204.101)\nE       Stacktrace:\nE       \tGetHandleVerifier [0x0x7ff71a1a6f75+76917]\nE       \tGetHandleVerifier [0x0x7ff71a1a6fd0+77008]\nE       \t(No symbol) [0x0x7ff719f59dea]\nE       \t(No symbol) [0x0x7ff719f32191]\nE       \t(No symbol) [0x0x7ff719fdf83e]\nE       \t(No symbol) [0x0x7ff719ffff72]\nE       \t(No symbol) [0x0x7ff719fd8243]\nE       \t(No symbol) [0x0x7ff719fa1431]\nE       \t(No symbol) [0x0x7ff719fa21c3]\nE       \tGetHandleVerifier [0x0x7ff71a47d2ad+3051437]\nE       \tGetHandleVerifier [0x0x7ff71a477903+3028483]\nE       \tGetHandleVerifier [0x0x7ff71a49589d+3151261]\nE       \tGetHandleVerifier [0x0x7ff71a1c183e+185662]\nE       \tGetHandleVerifier [0x0x7ff71a1c96ff+218111]\nE       \tGetHandleVerifier [0x0x7ff71a1afaf4+112628]\nE       \tGetHandleVerifier [0x0x7ff71a1afca9+113065]\nE       \tGetHandleVerifier [0x0x7ff71a196c78+10616]\nE       \tBaseThreadInitThunk [0x0x7ffd2c157374+20]\nE       \tRtlUserThreadStart [0x0x7ffd2c85cc91+33]\n\n..\\..\\..\\..\\AppData\\Roaming\\Python\\Python313\\site-packages\\selenium\\webdriver\\remote\\errorhandler.py:232: NoSuchWindowException"}, "steps": [{"name": "Creating product item from Excel row: {'product_item': 'tested 12 ', 'HS_code': 34, 'unit': 'kg.', 'item_type': 'Service Item', 'description': 'this is testing', 'category': nan, 'short_name': 'WXY', 'purchase_price': 23, 'sales_price': 40, 'alt_unit': 'kg.', 'conversion_factor': 20, 'barcode_map': 66, 'barcode_unit': 'kg.'}", "status": "broken", "statusDetails": {"message": "selenium.common.exceptions.NoSuchWindowException: Message: no such window: target window already closed\nfrom unknown error: web view not found\n  (Session info: chrome=138.0.7204.101)\nStacktrace:\n\tGetHandleVerifier [0x0x7ff71a1a6f75+76917]\n\tGetHandleVerifier [0x0x7ff71a1a6fd0+77008]\n\t(No symbol) [0x0x7ff719f59dea]\n\t(No symbol) [0x0x7ff719f32191]\n\t(No symbol) [0x0x7ff719fdf83e]\n\t(No symbol) [0x0x7ff719ffff72]\n\t(No symbol) [0x0x7ff719fd8243]\n\t(No symbol) [0x0x7ff719fa1431]\n\t(No symbol) [0x0x7ff719fa21c3]\n\tGetHandleVerifier [0x0x7ff71a47d2ad+3051437]\n\tGetHandleVerifier [0x0x7ff71a477903+3028483]\n\tGetHandleVerifier [0x0x7ff71a49589d+3151261]\n\tGetHandleVerifier [0x0x7ff71a1c183e+185662]\n\tGetHandleVerifier [0x0x7ff71a1c96ff+218111]\n\tGetHandleVerifier [0x0x7ff71a1afaf4+112628]\n\tGetHandleVerifier [0x0x7ff71a1afca9+113065]\n\tGetHandleVerifier [0x0x7ff71a196c78+10616]\n\tBaseThreadInitThunk [0x0x7ffd2c157374+20]\n\tRtlUserThreadStart [0x0x7ffd2c85cc91+33]\n\n", "trace": "  File \"C:\\Users\\karun\\PycharmProjects\\PythonProject\\Necessary codes\\EXCEL\\test_product_master.py\", line 1090, in test_product_master_from_excel\n    def test_product_master_from_excel(self, row):\n            ^^^^^^^^^^^^^^^^^^^^^^^^^^^^^^^^^^^^^^\n        with allure.step(f\"Creating product item from Excel row: {row}\"):\n        ^^^^^^^^^^^^^^^^^^^^^^^^^^^^^^^^^^^^^^^^^^^^^^^^^^^^^^^^^^^^^^^^^\n            self.login(\"gedehim917@decodewp.com\",\n            ^^^^^^^^^^^^^^^^^^^^^^^^^^^^^^^^^^^^^\n  File \"C:\\Users\\karun\\AppData\\Roaming\\Python\\Python313\\site-packages\\allure_commons\\_allure.py\", line 202, in impl\n    return func(*a, **kw)\n  File \"C:\\Users\\karun\\PycharmProjects\\PythonProject\\Necessary codes\\EXCEL\\test_product_master.py\", line 679, in login\n    username_field = WebDriverWait(driver, 15).until(\n        ec.element_to_be_clickable((By.CSS_SELECTOR, 'input[formcontrolname=\"username\"]'))\n    )\n  File \"C:\\Users\\karun\\AppData\\Roaming\\Python\\Python313\\site-packages\\selenium\\webdriver\\support\\wait.py\", line 129, in until\n    value = method(self._driver)\n  File \"C:\\Users\\karun\\AppData\\Roaming\\Python\\Python313\\site-packages\\selenium\\webdriver\\support\\expected_conditions.py\", line 622, in _predicate\n    target = driver.find_element(*target)  # grab element at locator\n  File \"C:\\Users\\karun\\AppData\\Roaming\\Python\\Python313\\site-packages\\selenium\\webdriver\\remote\\webdriver.py\", line 914, in find_element\n    return self.execute(Command.FIND_ELEMENT, {\"using\": by, \"value\": value})[\"value\"]\n           ~~~~~~~~~~~~^^^^^^^^^^^^^^^^^^^^^^^^^^^^^^^^^^^^^^^^^^^^^^^^^^^^^\n  File \"C:\\Users\\karun\\AppData\\Roaming\\Python\\Python313\\site-packages\\selenium\\webdriver\\remote\\webdriver.py\", line 447, in execute\n    self.error_handler.check_response(response)\n    ~~~~~~~~~~~~~~~~~~~~~~~~~~~~~~~~~^^^^^^^^^^\n  File \"C:\\Users\\karun\\AppData\\Roaming\\Python\\Python313\\site-packages\\selenium\\webdriver\\remote\\errorhandler.py\", line 232, in check_response\n    raise exception_class(message, screen, stacktrace)\n"}, "steps": [{"name": "Login with username: 'gedehim917@decodewp.com'", "status": "broken", "statusDetails": {"message": "selenium.common.exceptions.NoSuchWindowException: Message: no such window: target window already closed\nfrom unknown error: web view not found\n  (Session info: chrome=138.0.7204.101)\nStacktrace:\n\tGetHandleVerifier [0x0x7ff71a1a6f75+76917]\n\tGetHandleVerifier [0x0x7ff71a1a6fd0+77008]\n\t(No symbol) [0x0x7ff719f59dea]\n\t(No symbol) [0x0x7ff719f32191]\n\t(No symbol) [0x0x7ff719fdf83e]\n\t(No symbol) [0x0x7ff719ffff72]\n\t(No symbol) [0x0x7ff719fd8243]\n\t(No symbol) [0x0x7ff719fa1431]\n\t(No symbol) [0x0x7ff719fa21c3]\n\tGetHandleVerifier [0x0x7ff71a47d2ad+3051437]\n\tGetHandleVerifier [0x0x7ff71a477903+3028483]\n\tGetHandleVerifier [0x0x7ff71a49589d+3151261]\n\tGetHandleVerifier [0x0x7ff71a1c183e+185662]\n\tGetHandleVerifier [0x0x7ff71a1c96ff+218111]\n\tGetHandleVerifier [0x0x7ff71a1afaf4+112628]\n\tGetHandleVerifier [0x0x7ff71a1afca9+113065]\n\tGetHandleVerifier [0x0x7ff71a196c78+10616]\n\tBaseThreadInitThunk [0x0x7ffd2c157374+20]\n\tRtlUserThreadStart [0x0x7ffd2c85cc91+33]\n\n", "trace": "  File \"C:\\Users\\karun\\AppData\\Roaming\\Python\\Python313\\site-packages\\allure_commons\\_allure.py\", line 202, in impl\n    return func(*a, **kw)\n  File \"C:\\Users\\karun\\PycharmProjects\\PythonProject\\Necessary codes\\EXCEL\\test_product_master.py\", line 679, in login\n    username_field = WebDriverWait(driver, 15).until(\n        ec.element_to_be_clickable((By.CSS_SELECTOR, 'input[formcontrolname=\"username\"]'))\n    )\n  File \"C:\\Users\\karun\\AppData\\Roaming\\Python\\Python313\\site-packages\\selenium\\webdriver\\support\\wait.py\", line 129, in until\n    value = method(self._driver)\n  File \"C:\\Users\\karun\\AppData\\Roaming\\Python\\Python313\\site-packages\\selenium\\webdriver\\support\\expected_conditions.py\", line 622, in _predicate\n    target = driver.find_element(*target)  # grab element at locator\n  File \"C:\\Users\\karun\\AppData\\Roaming\\Python\\Python313\\site-packages\\selenium\\webdriver\\remote\\webdriver.py\", line 914, in find_element\n    return self.execute(Command.FIND_ELEMENT, {\"using\": by, \"value\": value})[\"value\"]\n           ~~~~~~~~~~~~^^^^^^^^^^^^^^^^^^^^^^^^^^^^^^^^^^^^^^^^^^^^^^^^^^^^^\n  File \"C:\\Users\\karun\\AppData\\Roaming\\Python\\Python313\\site-packages\\selenium\\webdriver\\remote\\webdriver.py\", line 447, in execute\n    self.error_handler.check_response(response)\n    ~~~~~~~~~~~~~~~~~~~~~~~~~~~~~~~~~^^^^^^^^^^\n  File \"C:\\Users\\karun\\AppData\\Roaming\\Python\\Python313\\site-packages\\selenium\\webdriver\\remote\\errorhandler.py\", line 232, in check_response\n    raise exception_class(message, screen, stacktrace)\n"}, "parameters": [{"name": "username", "value": "'gedehim917@decodewp.com'"}, {"name": "password", "value": "'Tebahal1!'"}, {"name": "link", "value": "'https://velvet.webredirect.himshang.com.np/#/pages/dashboard'"}], "start": 1752400482673, "stop": 1752400487191}], "start": 1752400482673, "stop": 1752400487196}], "parameters": [{"name": "row", "value": "{'product_item': 'tested 12 ', 'HS_code': 34, 'unit': 'kg.', 'item_type': 'Service Item', 'description': 'this is testing', 'category': nan, 'short_name': 'WXY', 'purchase_price': 23, 'sales_price': 40, 'alt_unit': 'kg.', 'conversion_factor': 20, 'barcode_map': 66, 'barcode_unit': 'kg.'}"}], "start": 1752400482673, "stop": 1752400487200, "uuid": "568bac50-a462-4759-866c-95a829b33bd3", "historyId": "52d6419fae7e1a3901c224e57b552898", "testCaseId": "04ea4cde4fa16c3d6888e551e4e8f195", "fullName": "test_product_master.TestProductMaster#test_product_master_from_excel", "labels": [{"name": "suite", "value": "test_product_master"}, {"name": "subSuite", "value": "TestProductMaster"}, {"name": "host", "value": "DESKTOP-AOJNATO"}, {"name": "thread", "value": "10780-MainThread"}, {"name": "framework", "value": "pytest"}, {"name": "language", "value": "cpython3"}, {"name": "package", "value": "test_product_master"}]}