{"name": "test_product_flow", "status": "broken", "statusDetails": {"message": "selenium.common.exceptions.TimeoutException: Message: \nStacktrace:\n\tGetHandleVerifier [0x0x7ff74c0ccda5+78885]\n\tGetHandleVerifier [0x0x7ff74c0cce00+78976]\n\t(No symbol) [0x0x7ff74be89bca]\n\t(No symbol) [0x0x7ff74bee0766]\n\t(No symbol) [0x0x7ff74bee0a1c]\n\t(No symbol) [0x0x7ff74bf34467]\n\t(No symbol) [0x0x7ff74bf08bcf]\n\t(No symbol) [0x0x7ff74bf3122f]\n\t(No symbol) [0x0x7ff74bf08963]\n\t(No symbol) [0x0x7ff74bed16b1]\n\t(No symbol) [0x0x7ff74bed2443]\n\tGetHandleVerifier [0x0x7ff74c3a4eed+3061101]\n\tGetHandleVerifier [0x0x7ff74c39f33d+3037629]\n\tGetHandleVerifier [0x0x7ff74c3be592+3165202]\n\tGetHandleVerifier [0x0x7ff74c0e730e+186766]\n\tGetHandleVerifier [0x0x7ff74c0eeb3f+217535]\n\tGetHandleVerifier [0x0x7ff74c0d59b4+114740]\n\tGetHandleVerifier [0x0x7ff74c0d5b69+115177]\n\tGetHandleVerifier [0x0x7ff74c0bc368+10728]\n\tBaseThreadInitThunk [0x0x7fffc23f7374+20]\n\tRtlUserThreadStart [0x0x7fffc31fcc91+33]", "trace": "self = <test_purchase.TestProductFlow object at 0x0000029F929034D0>\n\n    @pytest.mark.run(order=1)\n    def test_product_flow(self):\n        self.login(TEST_CONFIG[\"username\"], TEST_CONFIG[\"password\"], TEST_CONFIG[\"url\"])\n>       self.create_purchase_invoice(barcode=\"2020\")\n\ntest_purchase.py:873: \n_ _ _ _ _ _ _ _ _ _ _ _ _ _ _ _ _ _ _ _ _ _ _ _ _ _ _ _ _ _ _ _ _ _ _ _ _ _ _ _ _ _\ntest_purchase.py:835: in create_purchase_invoice\n    quantity_field = wait.until(EC.element_to_be_clickable(\n_ _ _ _ _ _ _ _ _ _ _ _ _ _ _ _ _ _ _ _ _ _ _ _ _ _ _ _ _ _ _ _ _ _ _ _ _ _ _ _ _ _\n\nself = <selenium.webdriver.support.wait.WebDriverWait (session=\"a51d2da61174f651f2dba1578c0ab998\")>\nmethod = <function element_to_be_clickable.<locals>._predicate at 0x0000029F929A3600>\nmessage = ''\n\n    def until(self, method: Callable[[D], Union[Literal[False], T]], message: str = \"\") -> T:\n        \"\"\"Wait until the method returns a value that is not False.\n    \n        Calls the method provided with the driver as an argument until the\n        return value does not evaluate to ``False``.\n    \n        Parameters:\n        -----------\n        method: callable(WebDriver)\n            - A callable object that takes a WebDriver instance as an argument.\n    \n        message: str\n            - Optional message for :exc:`TimeoutException`\n    \n        Return:\n        -------\n        object: T\n            - The result of the last call to `method`\n    \n        Raises:\n        -------\n        TimeoutException\n            - If 'method' does not return a truthy value within the WebDriverWait\n            object's timeout\n    \n        Example:\n        --------\n        >>> from selenium.webdriver.common.by import By\n        >>> from selenium.webdriver.support.ui import WebDriverWait\n        >>> from selenium.webdriver.support import expected_conditions as EC\n    \n        # Wait until an element is visible on the page\n        >>> wait = WebDriverWait(driver, 10)\n        >>> element = wait.until(EC.visibility_of_element_located((By.ID, \"exampleId\")))\n        >>> print(element.text)\n        \"\"\"\n        screen = None\n        stacktrace = None\n    \n        end_time = time.monotonic() + self._timeout\n        while True:\n            try:\n                value = method(self._driver)\n                if value:\n                    return value\n            except self._ignored_exceptions as exc:\n                screen = getattr(exc, \"screen\", None)\n                stacktrace = getattr(exc, \"stacktrace\", None)\n            if time.monotonic() > end_time:\n                break\n            time.sleep(self._poll)\n>       raise TimeoutException(message, screen, stacktrace)\nE       selenium.common.exceptions.TimeoutException: Message: \nE       Stacktrace:\nE       \tGetHandleVerifier [0x0x7ff74c0ccda5+78885]\nE       \tGetHandleVerifier [0x0x7ff74c0cce00+78976]\nE       \t(No symbol) [0x0x7ff74be89bca]\nE       \t(No symbol) [0x0x7ff74bee0766]\nE       \t(No symbol) [0x0x7ff74bee0a1c]\nE       \t(No symbol) [0x0x7ff74bf34467]\nE       \t(No symbol) [0x0x7ff74bf08bcf]\nE       \t(No symbol) [0x0x7ff74bf3122f]\nE       \t(No symbol) [0x0x7ff74bf08963]\nE       \t(No symbol) [0x0x7ff74bed16b1]\nE       \t(No symbol) [0x0x7ff74bed2443]\nE       \tGetHandleVerifier [0x0x7ff74c3a4eed+3061101]\nE       \tGetHandleVerifier [0x0x7ff74c39f33d+3037629]\nE       \tGetHandleVerifier [0x0x7ff74c3be592+3165202]\nE       \tGetHandleVerifier [0x0x7ff74c0e730e+186766]\nE       \tGetHandleVerifier [0x0x7ff74c0eeb3f+217535]\nE       \tGetHandleVerifier [0x0x7ff74c0d59b4+114740]\nE       \tGetHandleVerifier [0x0x7ff74c0d5b69+115177]\nE       \tGetHandleVerifier [0x0x7ff74c0bc368+10728]\nE       \tBaseThreadInitThunk [0x0x7fffc23f7374+20]\nE       \tRtlUserThreadStart [0x0x7fffc31fcc91+33]\n\n..\\..\\..\\..\\AppData\\Roaming\\Python\\Python313\\site-packages\\selenium\\webdriver\\support\\wait.py:138: TimeoutException"}, "steps": [{"name": "Login with username: 'gedehim917@decodewp.com'", "status": "passed", "steps": [{"name": "Detected 'Already Logged In' popup â€” logging out first", "status": "passed", "start": 1751965885976, "stop": 1751965886075}], "parameters": [{"name": "username", "value": "'gedehim917@decodewp.com'"}, {"name": "password", "value": "'Tebahal1!'"}, {"name": "link", "value": "'https://velvet.webredirect.himshang.com.np/#/pages/dashboard'"}], "start": 1751965868415, "stop": 1751965894184}, {"name": "Create purchase invoice", "status": "broken", "statusDetails": {"message": "selenium.common.exceptions.TimeoutException: Message: \nStacktrace:\n\tGetHandleVerifier [0x0x7ff74c0ccda5+78885]\n\tGetHandleVerifier [0x0x7ff74c0cce00+78976]\n\t(No symbol) [0x0x7ff74be89bca]\n\t(No symbol) [0x0x7ff74bee0766]\n\t(No symbol) [0x0x7ff74bee0a1c]\n\t(No symbol) [0x0x7ff74bf34467]\n\t(No symbol) [0x0x7ff74bf08bcf]\n\t(No symbol) [0x0x7ff74bf3122f]\n\t(No symbol) [0x0x7ff74bf08963]\n\t(No symbol) [0x0x7ff74bed16b1]\n\t(No symbol) [0x0x7ff74bed2443]\n\tGetHandleVerifier [0x0x7ff74c3a4eed+3061101]\n\tGetHandleVerifier [0x0x7ff74c39f33d+3037629]\n\tGetHandleVerifier [0x0x7ff74c3be592+3165202]\n\tGetHandleVerifier [0x0x7ff74c0e730e+186766]\n\tGetHandleVerifier [0x0x7ff74c0eeb3f+217535]\n\tGetHandleVerifier [0x0x7ff74c0d59b4+114740]\n\tGetHandleVerifier [0x0x7ff74c0d5b69+115177]\n\tGetHandleVerifier [0x0x7ff74c0bc368+10728]\n\tBaseThreadInitThunk [0x0x7fffc23f7374+20]\n\tRtlUserThreadStart [0x0x7fffc31fcc91+33]\n\n", "trace": "  File \"C:\\Users\\karun\\AppData\\Roaming\\Python\\Python313\\site-packages\\allure_commons\\_allure.py\", line 202, in impl\n    return func(*a, **kw)\n  File \"C:\\Users\\karun\\PycharmProjects\\PythonProject\\extra testing\\Custom Exception\\test_purchase.py\", line 835, in create_purchase_invoice\n    quantity_field = wait.until(EC.element_to_be_clickable(\n        (By.XPATH, \"//table//tr//td[position()=9]//input\")))\n  File \"C:\\Users\\karun\\AppData\\Roaming\\Python\\Python313\\site-packages\\selenium\\webdriver\\support\\wait.py\", line 138, in until\n    raise TimeoutException(message, screen, stacktrace)\n"}, "parameters": [{"name": "barcode", "value": "'2020'"}], "start": 1751965894184, "stop": 1751965957260}], "attachments": [{"name": "stdout", "source": "113681c2-42ce-4116-a56d-f161255f7aad-attachment.txt", "type": "text/plain"}], "start": 1751965868414, "stop": 1751965957266, "uuid": "31ccb418-d182-4e44-967b-3add7035ca5a", "historyId": "c7e86aca4fa104da7b79004a57c3cb59", "testCaseId": "c7e86aca4fa104da7b79004a57c3cb59", "fullName": "test_purchase.TestProductFlow#test_product_flow", "labels": [{"name": "suite", "value": "test_purchase"}, {"name": "subSuite", "value": "TestProductFlow"}, {"name": "host", "value": "DESKTOP-AOJNATO"}, {"name": "thread", "value": "15816-MainThread"}, {"name": "framework", "value": "pytest"}, {"name": "language", "value": "cpython3"}, {"name": "package", "value": "test_purchase"}]}