{"name": "test_product_flow", "status": "broken", "statusDetails": {"message": "selenium.common.exceptions.TimeoutException: Message: \nStacktrace:\n\tGetHandleVerifier [0x0x7ff6d5b0cda5+78885]\n\tGetHandleVerifier [0x0x7ff6d5b0ce00+78976]\n\t(No symbol) [0x0x7ff6d58c9bca]\n\t(No symbol) [0x0x7ff6d5920766]\n\t(No symbol) [0x0x7ff6d5920a1c]\n\t(No symbol) [0x0x7ff6d5974467]\n\t(No symbol) [0x0x7ff6d5948bcf]\n\t(No symbol) [0x0x7ff6d597122f]\n\t(No symbol) [0x0x7ff6d5948963]\n\t(No symbol) [0x0x7ff6d59116b1]\n\t(No symbol) [0x0x7ff6d5912443]\n\tGetHandleVerifier [0x0x7ff6d5de4eed+3061101]\n\tGetHandleVerifier [0x0x7ff6d5ddf33d+3037629]\n\tGetHandleVerifier [0x0x7ff6d5dfe592+3165202]\n\tGetHandleVerifier [0x0x7ff6d5b2730e+186766]\n\tGetHandleVerifier [0x0x7ff6d5b2eb3f+217535]\n\tGetHandleVerifier [0x0x7ff6d5b159b4+114740]\n\tGetHandleVerifier [0x0x7ff6d5b15b69+115177]\n\tGetHandleVerifier [0x0x7ff6d5afc368+10728]\n\tBaseThreadInitThunk [0x0x7fffc23f7374+20]\n\tRtlUserThreadStart [0x0x7fffc31fcc91+33]", "trace": "self = <test_purchase.TestProductFlow object at 0x000002505F7134D0>\n\n    @pytest.mark.run(order=1)\n    def test_product_flow(self):\n        self.login(TEST_CONFIG[\"username\"], TEST_CONFIG[\"password\"], TEST_CONFIG[\"url\"])\n>       self.create_purchase_invoice(barcode=\"2020\")\n\ntest_purchase.py:873: \n_ _ _ _ _ _ _ _ _ _ _ _ _ _ _ _ _ _ _ _ _ _ _ _ _ _ _ _ _ _ _ _ _ _ _ _ _ _ _ _ _ _ _ _ _ _ _ _ _ _ _ _ _ _ _ _ _ _ _ _\ntest_purchase.py:835: in create_purchase_invoice\n    quantity_field = wait.until(EC.element_to_be_clickable(\n_ _ _ _ _ _ _ _ _ _ _ _ _ _ _ _ _ _ _ _ _ _ _ _ _ _ _ _ _ _ _ _ _ _ _ _ _ _ _ _ _ _ _ _ _ _ _ _ _ _ _ _ _ _ _ _ _ _ _ _\n\nself = <selenium.webdriver.support.wait.WebDriverWait (session=\"d94b34175e3b944d720a3aa28c4d4892\")>\nmethod = <function element_to_be_clickable.<locals>._predicate at 0x000002505F7B76A0>, message = ''\n\n    def until(self, method: Callable[[D], Union[Literal[False], T]], message: str = \"\") -> T:\n        \"\"\"Wait until the method returns a value that is not False.\n    \n        Calls the method provided with the driver as an argument until the\n        return value does not evaluate to ``False``.\n    \n        Parameters:\n        -----------\n        method: callable(WebDriver)\n            - A callable object that takes a WebDriver instance as an argument.\n    \n        message: str\n            - Optional message for :exc:`TimeoutException`\n    \n        Return:\n        -------\n        object: T\n            - The result of the last call to `method`\n    \n        Raises:\n        -------\n        TimeoutException\n            - If 'method' does not return a truthy value within the WebDriverWait\n            object's timeout\n    \n        Example:\n        --------\n        >>> from selenium.webdriver.common.by import By\n        >>> from selenium.webdriver.support.ui import WebDriverWait\n        >>> from selenium.webdriver.support import expected_conditions as EC\n    \n        # Wait until an element is visible on the page\n        >>> wait = WebDriverWait(driver, 10)\n        >>> element = wait.until(EC.visibility_of_element_located((By.ID, \"exampleId\")))\n        >>> print(element.text)\n        \"\"\"\n        screen = None\n        stacktrace = None\n    \n        end_time = time.monotonic() + self._timeout\n        while True:\n            try:\n                value = method(self._driver)\n                if value:\n                    return value\n            except self._ignored_exceptions as exc:\n                screen = getattr(exc, \"screen\", None)\n                stacktrace = getattr(exc, \"stacktrace\", None)\n            if time.monotonic() > end_time:\n                break\n            time.sleep(self._poll)\n>       raise TimeoutException(message, screen, stacktrace)\nE       selenium.common.exceptions.TimeoutException: Message: \nE       Stacktrace:\nE       \tGetHandleVerifier [0x0x7ff6d5b0cda5+78885]\nE       \tGetHandleVerifier [0x0x7ff6d5b0ce00+78976]\nE       \t(No symbol) [0x0x7ff6d58c9bca]\nE       \t(No symbol) [0x0x7ff6d5920766]\nE       \t(No symbol) [0x0x7ff6d5920a1c]\nE       \t(No symbol) [0x0x7ff6d5974467]\nE       \t(No symbol) [0x0x7ff6d5948bcf]\nE       \t(No symbol) [0x0x7ff6d597122f]\nE       \t(No symbol) [0x0x7ff6d5948963]\nE       \t(No symbol) [0x0x7ff6d59116b1]\nE       \t(No symbol) [0x0x7ff6d5912443]\nE       \tGetHandleVerifier [0x0x7ff6d5de4eed+3061101]\nE       \tGetHandleVerifier [0x0x7ff6d5ddf33d+3037629]\nE       \tGetHandleVerifier [0x0x7ff6d5dfe592+3165202]\nE       \tGetHandleVerifier [0x0x7ff6d5b2730e+186766]\nE       \tGetHandleVerifier [0x0x7ff6d5b2eb3f+217535]\nE       \tGetHandleVerifier [0x0x7ff6d5b159b4+114740]\nE       \tGetHandleVerifier [0x0x7ff6d5b15b69+115177]\nE       \tGetHandleVerifier [0x0x7ff6d5afc368+10728]\nE       \tBaseThreadInitThunk [0x0x7fffc23f7374+20]\nE       \tRtlUserThreadStart [0x0x7fffc31fcc91+33]\n\n..\\..\\..\\..\\AppData\\Roaming\\Python\\Python313\\site-packages\\selenium\\webdriver\\support\\wait.py:138: TimeoutException"}, "steps": [{"name": "Login with username: 'gedehim917@decodewp.com'", "status": "passed", "steps": [{"name": "Detected 'Already Logged In' popup â€” logging out first", "status": "passed", "start": 1751964729737, "stop": 1751964729998}], "parameters": [{"name": "username", "value": "'gedehim917@decodewp.com'"}, {"name": "password", "value": "'Tebahal1!'"}, {"name": "link", "value": "'https://velvet.webredirect.himshang.com.np/#/pages/dashboard'"}], "start": 1751964717352, "stop": 1751964738098}, {"name": "Create purchase invoice", "status": "broken", "statusDetails": {"message": "selenium.common.exceptions.TimeoutException: Message: \nStacktrace:\n\tGetHandleVerifier [0x0x7ff6d5b0cda5+78885]\n\tGetHandleVerifier [0x0x7ff6d5b0ce00+78976]\n\t(No symbol) [0x0x7ff6d58c9bca]\n\t(No symbol) [0x0x7ff6d5920766]\n\t(No symbol) [0x0x7ff6d5920a1c]\n\t(No symbol) [0x0x7ff6d5974467]\n\t(No symbol) [0x0x7ff6d5948bcf]\n\t(No symbol) [0x0x7ff6d597122f]\n\t(No symbol) [0x0x7ff6d5948963]\n\t(No symbol) [0x0x7ff6d59116b1]\n\t(No symbol) [0x0x7ff6d5912443]\n\tGetHandleVerifier [0x0x7ff6d5de4eed+3061101]\n\tGetHandleVerifier [0x0x7ff6d5ddf33d+3037629]\n\tGetHandleVerifier [0x0x7ff6d5dfe592+3165202]\n\tGetHandleVerifier [0x0x7ff6d5b2730e+186766]\n\tGetHandleVerifier [0x0x7ff6d5b2eb3f+217535]\n\tGetHandleVerifier [0x0x7ff6d5b159b4+114740]\n\tGetHandleVerifier [0x0x7ff6d5b15b69+115177]\n\tGetHandleVerifier [0x0x7ff6d5afc368+10728]\n\tBaseThreadInitThunk [0x0x7fffc23f7374+20]\n\tRtlUserThreadStart [0x0x7fffc31fcc91+33]\n\n", "trace": "  File \"C:\\Users\\karun\\AppData\\Roaming\\Python\\Python313\\site-packages\\allure_commons\\_allure.py\", line 202, in impl\n    return func(*a, **kw)\n  File \"C:\\Users\\karun\\PycharmProjects\\PythonProject\\extra testing\\Custom Exception\\test_purchase.py\", line 835, in create_purchase_invoice\n    quantity_field = wait.until(EC.element_to_be_clickable(\n        (By.XPATH, \"//table//tr//td[position()=9]//input\")))\n  File \"C:\\Users\\karun\\AppData\\Roaming\\Python\\Python313\\site-packages\\selenium\\webdriver\\support\\wait.py\", line 138, in until\n    raise TimeoutException(message, screen, stacktrace)\n"}, "parameters": [{"name": "barcode", "value": "'2020'"}], "start": 1751964738098, "stop": 1751964801199}], "attachments": [{"name": "stdout", "source": "9ccd65d2-f268-42ed-8a23-9ab5a6d33f5e-attachment.txt", "type": "text/plain"}], "start": 1751964717351, "stop": 1751964801203, "uuid": "27c0ccef-ad58-43fc-86f8-9bc3b9f3d11f", "historyId": "c7e86aca4fa104da7b79004a57c3cb59", "testCaseId": "c7e86aca4fa104da7b79004a57c3cb59", "fullName": "test_purchase.TestProductFlow#test_product_flow", "labels": [{"name": "suite", "value": "test_purchase"}, {"name": "subSuite", "value": "TestProductFlow"}, {"name": "host", "value": "DESKTOP-AOJNATO"}, {"name": "thread", "value": "6124-MainThread"}, {"name": "framework", "value": "pytest"}, {"name": "language", "value": "cpython3"}, {"name": "package", "value": "test_purchase"}]}