{"name": "test_login_invalid_credentials", "status": "broken", "statusDetails": {"message": "selenium.common.exceptions.NoSuchWindowException: Message: no such window: target window already closed\nfrom unknown error: web view not found\n  (Session info: chrome=137.0.7151.122)\nStacktrace:\n\tGetHandleVerifier [0x0x7ff7f277cda5+78885]\n\tGetHandleVerifier [0x0x7ff7f277ce00+78976]\n\t(No symbol) [0x0x7ff7f2539bca]\n\t(No symbol) [0x0x7ff7f2511e71]\n\t(No symbol) [0x0x7ff7f25c039e]\n\t(No symbol) [0x0x7ff7f25e0b42]\n\t(No symbol) [0x0x7ff7f25b8963]\n\t(No symbol) [0x0x7ff7f25816b1]\n\t(No symbol) [0x0x7ff7f2582443]\n\tGetHandleVerifier [0x0x7ff7f2a54eed+3061101]\n\tGetHandleVerifier [0x0x7ff7f2a4f33d+3037629]\n\tGetHandleVerifier [0x0x7ff7f2a6e592+3165202]\n\tGetHandleVerifier [0x0x7ff7f279730e+186766]\n\tGetHandleVerifier [0x0x7ff7f279eb3f+217535]\n\tGetHandleVerifier [0x0x7ff7f27859b4+114740]\n\tGetHandleVerifier [0x0x7ff7f2785b69+115177]\n\tGetHandleVerifier [0x0x7ff7f276c368+10728]\n\tBaseThreadInitThunk [0x0x7fffc23f7374+20]\n\tRtlUserThreadStart [0x0x7fffc31fcc91+33]", "trace": "def test_login_invalid_credentials():\n        try:\n>           login(\"gedehim917@decodewp.com\", \"Tebahal1!\",\n                  \"https://velvet.webredirect.himshang.com.np/#/pages/dashboard\")\n\ntest_loginn.py:71: \n_ _ _ _ _ _ _ _ _ _ _ _ _ _ _ _ _ _ _ _ _ _ _ _ _ _ _ _ _ _ _ _ _ _ _ _ _ _ _ _ _ _ _ _ _ _ _ _ _ _ _ _ _ _ _ _ _ _ _ _\ntest_loginn.py:25: in login\n    WebDriverWait(driver, 10).until(\n..\\..\\..\\..\\AppData\\Roaming\\Python\\Python313\\site-packages\\selenium\\webdriver\\support\\wait.py:129: in until\n    value = method(self._driver)\n            ^^^^^^^^^^^^^^^^^^^^\n..\\..\\..\\..\\AppData\\Roaming\\Python\\Python313\\site-packages\\selenium\\webdriver\\support\\expected_conditions.py:104: in _predicate\n    return driver.find_element(*locator)\n           ^^^^^^^^^^^^^^^^^^^^^^^^^^^^^\n..\\..\\..\\..\\AppData\\Roaming\\Python\\Python313\\site-packages\\selenium\\webdriver\\remote\\webdriver.py:914: in find_element\n    return self.execute(Command.FIND_ELEMENT, {\"using\": by, \"value\": value})[\"value\"]\n           ^^^^^^^^^^^^^^^^^^^^^^^^^^^^^^^^^^^^^^^^^^^^^^^^^^^^^^^^^^^^^^^^^\n..\\..\\..\\..\\AppData\\Roaming\\Python\\Python313\\site-packages\\selenium\\webdriver\\remote\\webdriver.py:447: in execute\n    self.error_handler.check_response(response)\n_ _ _ _ _ _ _ _ _ _ _ _ _ _ _ _ _ _ _ _ _ _ _ _ _ _ _ _ _ _ _ _ _ _ _ _ _ _ _ _ _ _ _ _ _ _ _ _ _ _ _ _ _ _ _ _ _ _ _ _\n\nself = <selenium.webdriver.remote.errorhandler.ErrorHandler object at 0x0000021CD289E900>\nresponse = {'status': 404, 'value': '{\"value\":{\"error\":\"no such window\",\"message\":\"no such window: target window already closed\\\\...ff7f276c368+10728]\\\\n\\\\tBaseThreadInitThunk [0x0x7fffc23f7374+20]\\\\n\\\\tRtlUserThreadStart [0x0x7fffc31fcc91+33]\\\\n\"}}'}\n\n    def check_response(self, response: Dict[str, Any]) -> None:\n        \"\"\"Checks that a JSON response from the WebDriver does not have an\n        error.\n    \n        :Args:\n         - response - The JSON response from the WebDriver server as a dictionary\n           object.\n    \n        :Raises: If the response contains an error message.\n        \"\"\"\n        status = response.get(\"status\", None)\n        if not status or status == ErrorCode.SUCCESS:\n            return\n        value = None\n        message = response.get(\"message\", \"\")\n        screen: str = response.get(\"screen\", \"\")\n        stacktrace = None\n        if isinstance(status, int):\n            value_json = response.get(\"value\", None)\n            if value_json and isinstance(value_json, str):\n                import json\n    \n                try:\n                    value = json.loads(value_json)\n                    if len(value) == 1:\n                        value = value[\"value\"]\n                    status = value.get(\"error\", None)\n                    if not status:\n                        status = value.get(\"status\", ErrorCode.UNKNOWN_ERROR)\n                        message = value.get(\"value\") or value.get(\"message\")\n                        if not isinstance(message, str):\n                            value = message\n                            message = message.get(\"message\")\n                    else:\n                        message = value.get(\"message\", None)\n                except ValueError:\n                    pass\n    \n        exception_class: Type[WebDriverException]\n        e = ErrorCode()\n        error_codes = [item for item in dir(e) if not item.startswith(\"__\")]\n        for error_code in error_codes:\n            error_info = getattr(ErrorCode, error_code)\n            if isinstance(error_info, list) and status in error_info:\n                exception_class = getattr(ExceptionMapping, error_code, WebDriverException)\n                break\n        else:\n            exception_class = WebDriverException\n    \n        if not value:\n            value = response[\"value\"]\n        if isinstance(value, str):\n            raise exception_class(value)\n        if message == \"\" and \"message\" in value:\n            message = value[\"message\"]\n    \n        screen = None  # type: ignore[assignment]\n        if \"screen\" in value:\n            screen = value[\"screen\"]\n    \n        stacktrace = None\n        st_value = value.get(\"stackTrace\") or value.get(\"stacktrace\")\n        if st_value:\n            if isinstance(st_value, str):\n                stacktrace = st_value.split(\"\\n\")\n            else:\n                stacktrace = []\n                try:\n                    for frame in st_value:\n                        line = frame.get(\"lineNumber\", \"\")\n                        file = frame.get(\"fileName\", \"<anonymous>\")\n                        if line:\n                            file = f\"{file}:{line}\"\n                        meth = frame.get(\"methodName\", \"<anonymous>\")\n                        if \"className\" in frame:\n                            meth = f\"{frame['className']}.{meth}\"\n                        msg = \"    at %s (%s)\"\n                        msg = msg % (meth, file)\n                        stacktrace.append(msg)\n                except TypeError:\n                    pass\n        if exception_class == UnexpectedAlertPresentException:\n            alert_text = None\n            if \"data\" in value:\n                alert_text = value[\"data\"].get(\"text\")\n            elif \"alert\" in value:\n                alert_text = value[\"alert\"].get(\"text\")\n            raise exception_class(message, screen, stacktrace, alert_text)  # type: ignore[call-arg]  # mypy is not smart enough here\n>       raise exception_class(message, screen, stacktrace)\nE       selenium.common.exceptions.NoSuchWindowException: Message: no such window: target window already closed\nE       from unknown error: web view not found\nE         (Session info: chrome=137.0.7151.122)\nE       Stacktrace:\nE       \tGetHandleVerifier [0x0x7ff7f277cda5+78885]\nE       \tGetHandleVerifier [0x0x7ff7f277ce00+78976]\nE       \t(No symbol) [0x0x7ff7f2539bca]\nE       \t(No symbol) [0x0x7ff7f2511e71]\nE       \t(No symbol) [0x0x7ff7f25c039e]\nE       \t(No symbol) [0x0x7ff7f25e0b42]\nE       \t(No symbol) [0x0x7ff7f25b8963]\nE       \t(No symbol) [0x0x7ff7f25816b1]\nE       \t(No symbol) [0x0x7ff7f2582443]\nE       \tGetHandleVerifier [0x0x7ff7f2a54eed+3061101]\nE       \tGetHandleVerifier [0x0x7ff7f2a4f33d+3037629]\nE       \tGetHandleVerifier [0x0x7ff7f2a6e592+3165202]\nE       \tGetHandleVerifier [0x0x7ff7f279730e+186766]\nE       \tGetHandleVerifier [0x0x7ff7f279eb3f+217535]\nE       \tGetHandleVerifier [0x0x7ff7f27859b4+114740]\nE       \tGetHandleVerifier [0x0x7ff7f2785b69+115177]\nE       \tGetHandleVerifier [0x0x7ff7f276c368+10728]\nE       \tBaseThreadInitThunk [0x0x7fffc23f7374+20]\nE       \tRtlUserThreadStart [0x0x7fffc31fcc91+33]\n\n..\\..\\..\\..\\AppData\\Roaming\\Python\\Python313\\site-packages\\selenium\\webdriver\\remote\\errorhandler.py:232: NoSuchWindowException"}, "steps": [{"name": "Perform login with username: 'gedehim917@decodewp.com' and password: 'Tebahal1!'", "status": "broken", "statusDetails": {"message": "selenium.common.exceptions.NoSuchWindowException: Message: no such window: target window already closed\nfrom unknown error: web view not found\n  (Session info: chrome=137.0.7151.122)\nStacktrace:\n\tGetHandleVerifier [0x0x7ff7f277cda5+78885]\n\tGetHandleVerifier [0x0x7ff7f277ce00+78976]\n\t(No symbol) [0x0x7ff7f2539bca]\n\t(No symbol) [0x0x7ff7f2511e71]\n\t(No symbol) [0x0x7ff7f25c039e]\n\t(No symbol) [0x0x7ff7f25e0b42]\n\t(No symbol) [0x0x7ff7f25b8963]\n\t(No symbol) [0x0x7ff7f25816b1]\n\t(No symbol) [0x0x7ff7f2582443]\n\tGetHandleVerifier [0x0x7ff7f2a54eed+3061101]\n\tGetHandleVerifier [0x0x7ff7f2a4f33d+3037629]\n\tGetHandleVerifier [0x0x7ff7f2a6e592+3165202]\n\tGetHandleVerifier [0x0x7ff7f279730e+186766]\n\tGetHandleVerifier [0x0x7ff7f279eb3f+217535]\n\tGetHandleVerifier [0x0x7ff7f27859b4+114740]\n\tGetHandleVerifier [0x0x7ff7f2785b69+115177]\n\tGetHandleVerifier [0x0x7ff7f276c368+10728]\n\tBaseThreadInitThunk [0x0x7fffc23f7374+20]\n\tRtlUserThreadStart [0x0x7fffc31fcc91+33]\n\n", "trace": "  File \"C:\\Users\\karun\\AppData\\Roaming\\Python\\Python313\\site-packages\\allure_commons\\_allure.py\", line 202, in impl\n    return func(*a, **kw)\n  File \"C:\\Users\\karun\\PycharmProjects\\PythonProject\\extra testing\\Custom Exception\\test_loginn.py\", line 25, in login\n    WebDriverWait(driver, 10).until(\n    ~~~~~~~~~~~~~~~~~~~~~~~~~~~~~~~^\n        ec.presence_of_element_located((By.CSS_SELECTOR, 'input[formcontrolname=\"username\"]'))\n        ^^^^^^^^^^^^^^^^^^^^^^^^^^^^^^^^^^^^^^^^^^^^^^^^^^^^^^^^^^^^^^^^^^^^^^^^^^^^^^^^^^^^^^\n    ).send_keys(username)\n    ^\n  File \"C:\\Users\\karun\\AppData\\Roaming\\Python\\Python313\\site-packages\\selenium\\webdriver\\support\\wait.py\", line 129, in until\n    value = method(self._driver)\n  File \"C:\\Users\\karun\\AppData\\Roaming\\Python\\Python313\\site-packages\\selenium\\webdriver\\support\\expected_conditions.py\", line 104, in _predicate\n    return driver.find_element(*locator)\n           ~~~~~~~~~~~~~~~~~~~^^^^^^^^^^\n  File \"C:\\Users\\karun\\AppData\\Roaming\\Python\\Python313\\site-packages\\selenium\\webdriver\\remote\\webdriver.py\", line 914, in find_element\n    return self.execute(Command.FIND_ELEMENT, {\"using\": by, \"value\": value})[\"value\"]\n           ~~~~~~~~~~~~^^^^^^^^^^^^^^^^^^^^^^^^^^^^^^^^^^^^^^^^^^^^^^^^^^^^^\n  File \"C:\\Users\\karun\\AppData\\Roaming\\Python\\Python313\\site-packages\\selenium\\webdriver\\remote\\webdriver.py\", line 447, in execute\n    self.error_handler.check_response(response)\n    ~~~~~~~~~~~~~~~~~~~~~~~~~~~~~~~~~^^^^^^^^^^\n  File \"C:\\Users\\karun\\AppData\\Roaming\\Python\\Python313\\site-packages\\selenium\\webdriver\\remote\\errorhandler.py\", line 232, in check_response\n    raise exception_class(message, screen, stacktrace)\n"}, "steps": [{"name": "Filling login form", "status": "broken", "statusDetails": {"message": "selenium.common.exceptions.NoSuchWindowException: Message: no such window: target window already closed\nfrom unknown error: web view not found\n  (Session info: chrome=137.0.7151.122)\nStacktrace:\n\tGetHandleVerifier [0x0x7ff7f277cda5+78885]\n\tGetHandleVerifier [0x0x7ff7f277ce00+78976]\n\t(No symbol) [0x0x7ff7f2539bca]\n\t(No symbol) [0x0x7ff7f2511e71]\n\t(No symbol) [0x0x7ff7f25c039e]\n\t(No symbol) [0x0x7ff7f25e0b42]\n\t(No symbol) [0x0x7ff7f25b8963]\n\t(No symbol) [0x0x7ff7f25816b1]\n\t(No symbol) [0x0x7ff7f2582443]\n\tGetHandleVerifier [0x0x7ff7f2a54eed+3061101]\n\tGetHandleVerifier [0x0x7ff7f2a4f33d+3037629]\n\tGetHandleVerifier [0x0x7ff7f2a6e592+3165202]\n\tGetHandleVerifier [0x0x7ff7f279730e+186766]\n\tGetHandleVerifier [0x0x7ff7f279eb3f+217535]\n\tGetHandleVerifier [0x0x7ff7f27859b4+114740]\n\tGetHandleVerifier [0x0x7ff7f2785b69+115177]\n\tGetHandleVerifier [0x0x7ff7f276c368+10728]\n\tBaseThreadInitThunk [0x0x7fffc23f7374+20]\n\tRtlUserThreadStart [0x0x7fffc31fcc91+33]\n\n", "trace": "  File \"C:\\Users\\karun\\PycharmProjects\\PythonProject\\extra testing\\Custom Exception\\test_loginn.py\", line 25, in login\n    WebDriverWait(driver, 10).until(\n    ~~~~~~~~~~~~~~~~~~~~~~~~~~~~~~~^\n        ec.presence_of_element_located((By.CSS_SELECTOR, 'input[formcontrolname=\"username\"]'))\n        ^^^^^^^^^^^^^^^^^^^^^^^^^^^^^^^^^^^^^^^^^^^^^^^^^^^^^^^^^^^^^^^^^^^^^^^^^^^^^^^^^^^^^^\n    ).send_keys(username)\n    ^\n  File \"C:\\Users\\karun\\AppData\\Roaming\\Python\\Python313\\site-packages\\selenium\\webdriver\\support\\wait.py\", line 129, in until\n    value = method(self._driver)\n  File \"C:\\Users\\karun\\AppData\\Roaming\\Python\\Python313\\site-packages\\selenium\\webdriver\\support\\expected_conditions.py\", line 104, in _predicate\n    return driver.find_element(*locator)\n           ~~~~~~~~~~~~~~~~~~~^^^^^^^^^^\n  File \"C:\\Users\\karun\\AppData\\Roaming\\Python\\Python313\\site-packages\\selenium\\webdriver\\remote\\webdriver.py\", line 914, in find_element\n    return self.execute(Command.FIND_ELEMENT, {\"using\": by, \"value\": value})[\"value\"]\n           ~~~~~~~~~~~~^^^^^^^^^^^^^^^^^^^^^^^^^^^^^^^^^^^^^^^^^^^^^^^^^^^^^\n  File \"C:\\Users\\karun\\AppData\\Roaming\\Python\\Python313\\site-packages\\selenium\\webdriver\\remote\\webdriver.py\", line 447, in execute\n    self.error_handler.check_response(response)\n    ~~~~~~~~~~~~~~~~~~~~~~~~~~~~~~~~~^^^^^^^^^^\n  File \"C:\\Users\\karun\\AppData\\Roaming\\Python\\Python313\\site-packages\\selenium\\webdriver\\remote\\errorhandler.py\", line 232, in check_response\n    raise exception_class(message, screen, stacktrace)\n"}, "start": 1751866351063, "stop": 1751866351071}], "parameters": [{"name": "username", "value": "'gedehim917@decodewp.com'"}, {"name": "password", "value": "'Tebahal1!'"}, {"name": "url", "value": "'https://velvet.webredirect.himshang.com.np/#/pages/dashboard'"}], "start": 1751866349788, "stop": 1751866351079}], "start": 1751866349788, "stop": 1751866351083, "uuid": "2a7b3b88-2ee2-4aac-a0de-be508b0c6cfd", "historyId": "1a5a83e12672511b17434ca0c1e05048", "testCaseId": "1a5a83e12672511b17434ca0c1e05048", "fullName": "test_loginn#test_login_invalid_credentials", "labels": [{"name": "suite", "value": "test_loginn"}, {"name": "host", "value": "DESKTOP-AOJNATO"}, {"name": "thread", "value": "10324-MainThread"}, {"name": "framework", "value": "pytest"}, {"name": "language", "value": "cpython3"}, {"name": "package", "value": "test_loginn"}]}